Arguments: 
  /usr/local/Cellar/node/9.9.0/bin/node /usr/local/Cellar/yarn/1.5.1_1/libexec/bin/yarn.js test

PATH: 
  /Users/hendrathings/.rvm/gems/ruby-2.4.3/bin:/Users/hendrathings/.rvm/gems/ruby-2.4.3@global/bin:/Users/hendrathings/.rvm/rubies/ruby-2.4.3/bin:/Users/hendrathings/Library/Python/2.7/bin:/Users/hendrathings/.npm-packages/bin:/Users/hendrathings/google-cloud-sdk/bin:/usr/local/sbin:/usr/local/bin:/usr/local/bin:/usr/bin:/bin:/usr/sbin:/sbin:/usr/local/go/bin:/usr/local/share/dotnet:/Library/Frameworks/Mono.framework/Versions/Current/Commands:/usr/local/git/bin:/usr/bin:/bin:/usr/sbin:/sbin:/Users/hendrathings/go/bin:/usr/local/opt/go/libexec/bin:/Users/hendrathings/Library/Android/sdk/tools:/Users/hendrathings/Library/Android/sdk/platform-tools:/Users/hendrathings/.rvm/bin

Yarn version: 
  1.5.1

Node version: 
  9.9.0

Platform: 
  darwin x64

npm manifest: 
  {
    "name": "node-graphql",
    "version": "1.0.0",
    "description": "",
    "main": "index.js",
    "scripts": {
      "start": "node server.js",
      "test": "jest --notify --bail --colors --verbose",
      "test-inspect":
        "node --inspect-brk ./node_modules/jest/bin/jest.js --runInBand"
    },
    "author": "",
    "license": "ISC",
    "dependencies": {
      "apollo-server-express": "^1.3.5",
      "body-parser": "^1.18.2",
      "casual": "^1.5.19",
      "cors": "^2.8.4",
      "express": "^4.16.3",
      "graphql": "^0.13.2",
      "graphql-tools": "^2.24.0",
      "mongodb": "^3.0.7",
      "mongoose": "^5.0.16",
      "validator": "^9.4.1"
    },
    "devDependencies": {
      "crypto-js": "^3.1.9-1",
      "jest": "^22.4.3",
      "mongodb-memory-server": "^1.7.3",
      "nodemon": "^1.17.3",
      "supertest": "^3.0.0"
    },
    "jest": {
      "globalSetup": "<rootDir>/config/jest/setup.js",
      "globalTeardown": "<rootDir>/config/jest/teardown.js",
      "testEnvironment": "<rootDir>/config/jest/mongo-environment.js"
    }
  }

yarn manifest: 
  No manifest

Lockfile: 
  No lockfile

Trace: 
  Error: Command failed.
  Exit code: 1
  Command: sh
  Arguments: -c jest --notify --bail --colors --verbose
  Directory: /Users/hendrathings/Projects/nodejs/nodejs-server-graphql
  Output:
  
      at ProcessTermError.MessageError (/usr/local/Cellar/yarn/1.5.1_1/libexec/lib/cli.js:186:110)
      at new ProcessTermError (/usr/local/Cellar/yarn/1.5.1_1/libexec/lib/cli.js:226:113)
      at ChildProcess.<anonymous> (/usr/local/Cellar/yarn/1.5.1_1/libexec/lib/cli.js:30281:17)
      at ChildProcess.emit (events.js:180:13)
      at maybeClose (internal/child_process.js:936:16)
      at Process.ChildProcess._handle.onexit (internal/child_process.js:220:5)
